<?xml version="1.0" encoding="UTF-8"?>
<!-- Generated by org.testng.reporters.JUnitReportReporter -->
<testsuite hostname="DESKTOP-F0SEMFK" failures="0" tests="1" name="rahulshettyacademy.Tests.SubmitOrderTest" time="22.551" errors="0" timestamp="2022-12-08T16:02:51 IST" skipped="0">
  <testcase classname="rahulshettyacademy.Tests.SubmitOrderTest" name="SubmitOrder" time="22.551"/>
  <system-out/>
</testsuite> <!-- rahulshettyacademy.Tests.SubmitOrderTest -->
